<?xml version="1.0" encoding="UTF-8"?>
<!-- Generated by org.testng.reporters.JUnitXMLReporter -->
<testsuite ignored="0" hostname="DESKTOP-1TLVIV2" failures="0" tests="3" name="Default test" time="21.624" errors="0" timestamp="2025-06-26T01:55:02 IST">
  <testcase classname="testscenarios.TC001_Login" name="loginFieldValidation" time="1.079"/>
  <testcase classname="testscenarios.TC001_Login" name="loginWithValidCredentials" time="16.157"/>
  <testcase classname="testscenarios.TC001_Login" name="loginWithInValidCredentials" time="1.363"/>
</testsuite> <!-- Default test -->
