<?xml version="1.0" encoding="UTF-8"?>
<!-- Generated by org.testng.reporters.JUnitXMLReporter -->
<testsuite ignored="0" hostname="DESKTOP-1TLVIV2" failures="0" tests="3" name="Default test" time="21.752" errors="0" timestamp="2025-06-20T01:18:33 IST">
  <testcase classname="testscenarios.TC001_Login" name="loginFieldValidation" time="0.169"/>
  <testcase classname="testscenarios.TC001_Login" name="loginWithValidCredentials" time="15.301"/>
  <testcase classname="testscenarios.TC001_Login" name="loginWithInValidCredentials" time="0.776"/>
</testsuite> <!-- Default test -->
