<?xml version="1.0" encoding="UTF-8"?>
<!-- Generated by org.testng.reporters.JUnitXMLReporter -->
<testsuite ignored="0" hostname="DESKTOP-1TLVIV2" failures="0" tests="4" name="SalesTest" time="31.301" errors="0" timestamp="2025-06-23T02:49:51 IST">
  <testcase classname="testscenarios.TC001_Login" name="loginFieldValidation" time="0.133"/>
  <testcase classname="testscenarios.TC001_Login" name="loginWithValidCredentials" time="14.636"/>
  <testcase classname="testscenarios.TC001_Login" name="loginWithInValidCredentials" time="0.613"/>
  <testcase classname="testscenarios.TC002_CreateLead" name="createSalesLeadWithMandatoryFields" time="28.437"/>
</testsuite> <!-- SalesTest -->
