<?xml version="1.0" encoding="UTF-8"?>
<!-- Generated by org.testng.reporters.JUnitXMLReporter -->
<testsuite ignored="2" hostname="DESKTOP-1TLVIV2" failures="0" tests="4" name="SalesTest" time="35.294" errors="0" timestamp="2025-06-27T01:31:59 IST">
  <testcase classname="testscenarios.TC001_Login" name="loginFieldValidation" time="1.037"/>
  <testcase classname="testscenarios.TC001_Login" name="loginWithValidCredentials" time="16.838"/>
  <testcase classname="testscenarios.TC001_Login" name="loginWithInValidCredentials" time="1.762"/>
  <testcase classname="testscenarios.TC002_CreateLead" name="createSalesLeadWithMandatoryFields" time="32.433"/>
  <testcase classname="base.BaseClass" name="@AfterSuite reportEnd" time="0.0">
    <ignored/>
  </testcase> <!-- @AfterSuite reportEnd -->
  <testcase classname="base.BaseClass" name="@BeforeSuite reportInit" time="0.0">
    <ignored/>
  </testcase> <!-- @BeforeSuite reportInit -->
</testsuite> <!-- SalesTest -->
