<?xml version="1.0" encoding="UTF-8"?>
<testng-results ignored="0" total="2" passed="2" failed="0" skipped="0">
  <reporter-output>
  </reporter-output>
  <suite started-at="2025-07-03T01:22:25 IST" name="Default suite" finished-at="2025-07-03T01:22:51 IST" duration-ms="26275">
    <groups>
    </groups>
    <test started-at="2025-07-03T01:22:25 IST" name="Default test" finished-at="2025-07-03T01:22:51 IST" duration-ms="26275">
      <class name="testscenarios.TC004_DeleteLead">
        <test-method is-config="true" signature="reportInit()[pri:0, instance:testscenarios.TC004_DeleteLead@71e9ddb4]" started-at="2025-07-03T01:22:24 IST" name="reportInit" finished-at="2025-07-03T01:22:25 IST" duration-ms="172" status="PASS">
          <reporter-output>
          </reporter-output>
        </test-method> <!-- reportInit -->
        <test-method is-config="true" signature="setProerties()[pri:0, instance:testscenarios.TC004_DeleteLead@71e9ddb4]" started-at="2025-07-03T01:22:25 IST" name="setProerties" finished-at="2025-07-03T01:22:25 IST" duration-ms="1" status="PASS">
          <reporter-output>
          </reporter-output>
        </test-method> <!-- setProerties -->
        <test-method is-config="true" signature="mLaunchBrowser()[pri:0, instance:testscenarios.TC004_DeleteLead@71e9ddb4]" started-at="2025-07-03T01:22:25 IST" name="mLaunchBrowser" finished-at="2025-07-03T01:22:27 IST" duration-ms="2049" status="PASS">
          <reporter-output>
          </reporter-output>
        </test-method> <!-- mLaunchBrowser -->
        <test-method signature="mVerifyLeadExists(java.lang.String,java.lang.String)[pri:1, instance:testscenarios.TC004_DeleteLead@71e9ddb4]" started-at="2025-07-03T01:22:27 IST" name="mVerifyLeadExists" data-provider="TestCaseData" finished-at="2025-07-03T01:22:45 IST" duration-ms="18316" status="PASS">
          <params>
            <param index="0">
              <value>
                <![CDATA[ssshasthri991@agentforce.com]]>
              </value>
            </param>
            <param index="1">
              <value>
                <![CDATA[RCSeries#01]]>
              </value>
            </param>
          </params>
          <reporter-output>
          </reporter-output>
        </test-method> <!-- mVerifyLeadExists -->
        <test-method signature="mDeleteLead()[pri:2, instance:testscenarios.TC004_DeleteLead@71e9ddb4]" started-at="2025-07-03T01:22:45 IST" name="mDeleteLead" finished-at="2025-07-03T01:22:51 IST" depends-on-methods="testscenarios.TC004_DeleteLead.mVerifyLeadExists" duration-ms="5238" status="PASS">
          <reporter-output>
          </reporter-output>
        </test-method> <!-- mDeleteLead -->
        <test-method is-config="true" signature="mCloseBrowser()[pri:0, instance:testscenarios.TC004_DeleteLead@71e9ddb4]" started-at="2025-07-03T01:22:51 IST" name="mCloseBrowser" finished-at="2025-07-03T01:22:51 IST" duration-ms="198" status="PASS">
          <reporter-output>
          </reporter-output>
        </test-method> <!-- mCloseBrowser -->
        <test-method is-config="true" signature="reportEnd()[pri:0, instance:testscenarios.TC004_DeleteLead@71e9ddb4]" started-at="2025-07-03T01:22:51 IST" name="reportEnd" finished-at="2025-07-03T01:22:51 IST" duration-ms="240" status="PASS">
          <reporter-output>
          </reporter-output>
        </test-method> <!-- reportEnd -->
      </class> <!-- testscenarios.TC004_DeleteLead -->
    </test> <!-- Default test -->
  </suite> <!-- Default suite -->
</testng-results>
