<?xml version="1.0" encoding="UTF-8"?>
<testng-results ignored="0" total="4" passed="4" failed="0" skipped="0">
  <reporter-output>
  </reporter-output>
  <suite started-at="2025-06-27T01:31:24 IST" name="Suite" finished-at="2025-06-27T01:31:59 IST" duration-ms="35294">
    <groups>
    </groups>
    <test started-at="2025-06-27T01:31:24 IST" name="SalesTest" finished-at="2025-06-27T01:31:59 IST" duration-ms="35294">
      <class name="testscenarios.TC002_CreateLead">
        <test-method is-config="true" signature="setExcelDataProperties()[pri:0, instance:testscenarios.TC002_CreateLead@707194ba]" started-at="2025-06-27T01:31:24 IST" name="setExcelDataProperties" finished-at="2025-06-27T01:31:24 IST" duration-ms="0" status="PASS">
          <reporter-output>
          </reporter-output>
        </test-method> <!-- setExcelDataProperties -->
        <test-method is-config="true" signature="mLaunchBrowser()[pri:0, instance:testscenarios.TC002_CreateLead@707194ba]" started-at="2025-06-27T01:31:24 IST" name="mLaunchBrowser" finished-at="2025-06-27T01:31:26 IST" duration-ms="2075" status="PASS">
          <reporter-output>
          </reporter-output>
        </test-method> <!-- mLaunchBrowser -->
        <test-method signature="createSalesLeadWithMandatoryFields(java.lang.String,java.lang.String)[pri:1, instance:testscenarios.TC002_CreateLead@707194ba]" started-at="2025-06-27T01:31:27 IST" name="createSalesLeadWithMandatoryFields" data-provider="TestCaseData" finished-at="2025-06-27T01:31:59 IST" duration-ms="32433" status="PASS">
          <params>
            <param index="0">
              <value>
                <![CDATA[ssshasthri991@agentforce.com]]>
              </value>
            </param>
            <param index="1">
              <value>
                <![CDATA[RCSeries#01]]>
              </value>
            </param>
          </params>
          <reporter-output>
          </reporter-output>
        </test-method> <!-- createSalesLeadWithMandatoryFields -->
        <test-method is-config="true" signature="mCloseBrowser()[pri:0, instance:testscenarios.TC002_CreateLead@707194ba]" started-at="2025-06-27T01:31:59 IST" name="mCloseBrowser" finished-at="2025-06-27T01:31:59 IST" duration-ms="226" status="PASS">
          <reporter-output>
          </reporter-output>
        </test-method> <!-- mCloseBrowser -->
      </class> <!-- testscenarios.TC002_CreateLead -->
      <class name="testscenarios.TC001_Login">
        <test-method is-config="true" signature="reportInit()[pri:0, instance:testscenarios.TC001_Login@394df057]" started-at="2025-06-27T01:31:24 IST" name="reportInit" finished-at="2025-06-27T01:31:24 IST" duration-ms="178" status="PASS">
          <reporter-output>
          </reporter-output>
        </test-method> <!-- reportInit -->
        <test-method is-config="true" signature="setExcelDataProperties()[pri:0, instance:testscenarios.TC001_Login@394df057]" started-at="2025-06-27T01:31:24 IST" name="setExcelDataProperties" finished-at="2025-06-27T01:31:24 IST" duration-ms="1" status="PASS">
          <reporter-output>
          </reporter-output>
        </test-method> <!-- setExcelDataProperties -->
        <test-method is-config="true" signature="mLaunchBrowser()[pri:0, instance:testscenarios.TC001_Login@394df057]" started-at="2025-06-27T01:31:24 IST" name="mLaunchBrowser" finished-at="2025-06-27T01:31:26 IST" duration-ms="2055" status="PASS">
          <reporter-output>
          </reporter-output>
        </test-method> <!-- mLaunchBrowser -->
        <test-method signature="loginFieldValidation()[pri:1, instance:testscenarios.TC001_Login@394df057]" started-at="2025-06-27T01:31:26 IST" name="loginFieldValidation" finished-at="2025-06-27T01:31:27 IST" duration-ms="1037" status="PASS">
          <reporter-output>
          </reporter-output>
        </test-method> <!-- loginFieldValidation -->
        <test-method signature="loginWithValidCredentials(java.lang.String,java.lang.String)[pri:2, instance:testscenarios.TC001_Login@394df057]" started-at="2025-06-27T01:31:27 IST" name="loginWithValidCredentials" data-provider="TestCaseData" finished-at="2025-06-27T01:31:44 IST" duration-ms="16838" status="PASS">
          <params>
            <param index="0">
              <value>
                <![CDATA[ssshasthri991@agentforce.com]]>
              </value>
            </param>
            <param index="1">
              <value>
                <![CDATA[RCSeries#01]]>
              </value>
            </param>
          </params>
          <reporter-output>
          </reporter-output>
        </test-method> <!-- loginWithValidCredentials -->
        <test-method signature="loginWithInValidCredentials()[pri:3, instance:testscenarios.TC001_Login@394df057]" started-at="2025-06-27T01:31:44 IST" name="loginWithInValidCredentials" finished-at="2025-06-27T01:31:46 IST" duration-ms="1762" status="PASS">
          <reporter-output>
          </reporter-output>
        </test-method> <!-- loginWithInValidCredentials -->
        <test-method is-config="true" signature="mCloseBrowser()[pri:0, instance:testscenarios.TC001_Login@394df057]" started-at="2025-06-27T01:31:46 IST" name="mCloseBrowser" finished-at="2025-06-27T01:31:46 IST" duration-ms="216" status="PASS">
          <reporter-output>
          </reporter-output>
        </test-method> <!-- mCloseBrowser -->
        <test-method is-config="true" signature="reportEnd()[pri:0, instance:testscenarios.TC001_Login@394df057]" started-at="2025-06-27T01:31:59 IST" name="reportEnd" finished-at="2025-06-27T01:32:00 IST" duration-ms="265" status="PASS">
          <reporter-output>
          </reporter-output>
        </test-method> <!-- reportEnd -->
      </class> <!-- testscenarios.TC001_Login -->
    </test> <!-- SalesTest -->
  </suite> <!-- Suite -->
</testng-results>
